15-03-2024 01:58:15 INFO  UsuarioServiceImpl:44 - Guardando usuario con correo: enzo.meneghini@hotmail.com
15-03-2024 01:58:15 INFO  TokenServiceImpl:39 - Generando token para el usuario: enzo.meneghini@hotmail.com
15-03-2024 01:58:15 INFO  IEmailSenderService:46 - Enviando correo a:enzo.meneghini@hotmail.com
15-03-2024 01:58:15 INFO  CursoServiceImpl:45 - Registrando curso: Curso de prueba
15-03-2024 01:58:15 INFO  CursoServiceImpl:59 - Curso registrado con éxito, id: 68abb64a-47b7-4905-8610-bdfb24329175
15-03-2024 01:58:15 INFO  CursoServiceImpl:156 - Buscando curso con id: 68abb64a-47b7-4905-8610-bdfb24329175
15-03-2024 01:58:15 INFO  CursoServiceImpl:163 - Curso encontrado con éxito, id: 68abb64a-47b7-4905-8610-bdfb24329175
15-03-2024 01:58:15 INFO  HorarioServiceImpl:162 - Validando horario
15-03-2024 01:58:15 INFO  HorarioServiceImpl:43 - Registrando horario para el curso 68abb64a-47b7-4905-8610-bdfb24329175
15-03-2024 01:58:15 INFO  HorarioServiceImpl:72 - Eliminando horario con id c4287522-74a9-4549-9134-baa357943f1b
15-03-2024 01:58:15 ERROR HorarioServiceImpl:86 - No se encontro el horario con id: c4287522-74a9-4549-9134-baa357943f1b
15-03-2024 01:58:15 INFO  UsuarioServiceImpl:61 - Eliminando usuario con correo: enzo.meneghini@hotmail.com
15-03-2024 02:58:58 INFO  UsuarioServiceImpl:44 - Guardando usuario con correo: enzo.meneghini@hotmail.com
15-03-2024 02:58:58 INFO  TokenServiceImpl:39 - Generando token para el usuario: enzo.meneghini@hotmail.com
15-03-2024 02:58:58 INFO  IEmailSenderService:46 - Enviando correo a:enzo.meneghini@hotmail.com
15-03-2024 02:58:58 INFO  CursoServiceImpl:45 - Registrando curso: Curso de prueba
15-03-2024 02:58:58 INFO  CursoServiceImpl:59 - Curso registrado con éxito, id: 2d915139-1107-400d-ab18-bcd387806f65
15-03-2024 02:58:58 INFO  CursoServiceImpl:156 - Buscando curso con id: 2d915139-1107-400d-ab18-bcd387806f65
15-03-2024 02:58:58 INFO  CursoServiceImpl:163 - Curso encontrado con éxito, id: 2d915139-1107-400d-ab18-bcd387806f65
15-03-2024 02:58:58 INFO  HorarioServiceImpl:162 - Validando horario
15-03-2024 02:58:58 INFO  HorarioServiceImpl:43 - Registrando horario para el curso 2d915139-1107-400d-ab18-bcd387806f65
15-03-2024 02:58:58 INFO  HorarioServiceImpl:56 - Actualizando horario con id 73af3fbb-9764-4d0b-ab83-124651ab0b89
15-03-2024 02:58:58 INFO  HorarioServiceImpl:162 - Validando horario
15-03-2024 02:58:58 INFO  HorarioServiceImpl:56 - Actualizando horario con id 73af3fbb-9764-4d0b-ab83-124651ab0b89
15-03-2024 02:58:58 INFO  HorarioServiceImpl:162 - Validando horario
15-03-2024 02:58:58 INFO  UsuarioServiceImpl:61 - Eliminando usuario con correo: enzo.meneghini@hotmail.com
15-03-2024 03:12:02 INFO  UsuarioServiceImpl:44 - Guardando usuario con correo: enzo.meneghini@hotmail.com
15-03-2024 03:12:02 INFO  TokenServiceImpl:39 - Generando token para el usuario: enzo.meneghini@hotmail.com
15-03-2024 03:12:02 INFO  IEmailSenderService:46 - Enviando correo a:enzo.meneghini@hotmail.com
15-03-2024 03:12:02 INFO  CursoServiceImpl:45 - Registrando curso: Curso de prueba
15-03-2024 03:12:02 INFO  CursoServiceImpl:59 - Curso registrado con éxito, id: 2e17294e-009b-444c-a4f4-16f43688a930
15-03-2024 03:12:02 INFO  CursoServiceImpl:156 - Buscando curso con id: 2e17294e-009b-444c-a4f4-16f43688a930
15-03-2024 03:12:02 INFO  CursoServiceImpl:163 - Curso encontrado con éxito, id: 2e17294e-009b-444c-a4f4-16f43688a930
15-03-2024 03:12:02 INFO  HorarioServiceImpl:162 - Validando horario
15-03-2024 03:12:02 INFO  HorarioServiceImpl:43 - Registrando horario para el curso 2e17294e-009b-444c-a4f4-16f43688a930
15-03-2024 03:12:02 INFO  HorarioServiceImpl:56 - Actualizando horario con id 443812d4-dceb-4525-9487-14f431b0cca7
15-03-2024 03:12:02 INFO  HorarioServiceImpl:162 - Validando horario
15-03-2024 03:12:02 INFO  HorarioServiceImpl:56 - Actualizando horario con id 443812d4-dceb-4525-9487-14f431b0cca7
15-03-2024 03:12:02 INFO  HorarioServiceImpl:162 - Validando horario
15-03-2024 03:12:02 INFO  UsuarioServiceImpl:61 - Eliminando usuario con correo: enzo.meneghini@hotmail.com
15-03-2024 03:19:19 INFO  UsuarioServiceImpl:44 - Guardando usuario con correo: enzo.meneghini@hotmail.com
15-03-2024 03:19:19 INFO  TokenServiceImpl:39 - Generando token para el usuario: enzo.meneghini@hotmail.com
15-03-2024 03:19:19 INFO  IEmailSenderService:46 - Enviando correo a:enzo.meneghini@hotmail.com
15-03-2024 03:19:20 INFO  CursoServiceImpl:45 - Registrando curso: Curso de prueba
15-03-2024 03:19:20 INFO  CursoServiceImpl:59 - Curso registrado con éxito, id: 3643a576-8a21-4f02-98c7-640c8a775f5c
15-03-2024 03:19:20 INFO  CursoServiceImpl:156 - Buscando curso con id: 3643a576-8a21-4f02-98c7-640c8a775f5c
15-03-2024 03:19:20 INFO  CursoServiceImpl:163 - Curso encontrado con éxito, id: 3643a576-8a21-4f02-98c7-640c8a775f5c
15-03-2024 03:19:20 INFO  HorarioServiceImpl:162 - Validando horario
15-03-2024 03:19:20 INFO  HorarioServiceImpl:43 - Registrando horario para el curso 3643a576-8a21-4f02-98c7-640c8a775f5c
15-03-2024 03:19:20 INFO  HorarioServiceImpl:56 - Actualizando horario con id 025c5383-4469-495b-85a0-0cfa7b2f22e9
15-03-2024 03:19:20 INFO  HorarioServiceImpl:162 - Validando horario
15-03-2024 03:19:20 ERROR HorarioServiceImpl:193 - El horario se superpone con otro horario
15-03-2024 03:19:20 INFO  UsuarioServiceImpl:61 - Eliminando usuario con correo: enzo.meneghini@hotmail.com
15-03-2024 03:24:06 INFO  UsuarioServiceImpl:44 - Guardando usuario con correo: enzo.meneghini@hotmail.com
15-03-2024 03:24:06 INFO  TokenServiceImpl:39 - Generando token para el usuario: enzo.meneghini@hotmail.com
15-03-2024 03:24:06 INFO  IEmailSenderService:46 - Enviando correo a:enzo.meneghini@hotmail.com
15-03-2024 03:24:06 INFO  CursoServiceImpl:45 - Registrando curso: Curso de prueba
15-03-2024 03:24:06 INFO  CursoServiceImpl:59 - Curso registrado con éxito, id: d82a0189-d9a3-400d-ac75-d7a8ef174777
15-03-2024 03:24:06 INFO  CursoServiceImpl:156 - Buscando curso con id: d82a0189-d9a3-400d-ac75-d7a8ef174777
15-03-2024 03:24:06 INFO  CursoServiceImpl:163 - Curso encontrado con éxito, id: d82a0189-d9a3-400d-ac75-d7a8ef174777
15-03-2024 03:24:06 INFO  HorarioServiceImpl:162 - Validando horario
15-03-2024 03:24:06 INFO  HorarioServiceImpl:43 - Registrando horario para el curso d82a0189-d9a3-400d-ac75-d7a8ef174777
15-03-2024 03:24:06 INFO  HorarioServiceImpl:56 - Actualizando horario con id 7d1a6486-b9b5-4b72-b61e-4ca9ee0b3111
15-03-2024 03:24:06 INFO  HorarioServiceImpl:162 - Validando horario
15-03-2024 03:24:06 ERROR HorarioServiceImpl:193 - El horario se superpone con otro horario
15-03-2024 03:24:06 INFO  HorarioServiceImpl:56 - Actualizando horario con id 7d1a6486-b9b5-4b72-b61e-4ca9ee0b3111
15-03-2024 03:24:06 INFO  HorarioServiceImpl:162 - Validando horario
15-03-2024 03:24:06 ERROR HorarioServiceImpl:193 - El horario se superpone con otro horario
15-03-2024 03:24:06 INFO  UsuarioServiceImpl:61 - Eliminando usuario con correo: enzo.meneghini@hotmail.com
15-03-2024 03:27:51 INFO  UsuarioServiceImpl:44 - Guardando usuario con correo: enzo.meneghini@hotmail.com
15-03-2024 03:27:51 INFO  TokenServiceImpl:39 - Generando token para el usuario: enzo.meneghini@hotmail.com
15-03-2024 03:27:51 INFO  IEmailSenderService:46 - Enviando correo a:enzo.meneghini@hotmail.com
15-03-2024 03:27:51 INFO  CursoServiceImpl:45 - Registrando curso: Curso de prueba
15-03-2024 03:27:51 INFO  CursoServiceImpl:59 - Curso registrado con éxito, id: 0b58f4af-87a9-46af-8e65-c2e889f8f8bf
15-03-2024 03:27:51 INFO  CursoServiceImpl:156 - Buscando curso con id: 0b58f4af-87a9-46af-8e65-c2e889f8f8bf
15-03-2024 03:27:51 INFO  CursoServiceImpl:163 - Curso encontrado con éxito, id: 0b58f4af-87a9-46af-8e65-c2e889f8f8bf
15-03-2024 03:27:51 INFO  HorarioServiceImpl:162 - Validando horario
15-03-2024 03:27:52 INFO  HorarioServiceImpl:43 - Registrando horario para el curso 0b58f4af-87a9-46af-8e65-c2e889f8f8bf
15-03-2024 03:27:52 INFO  HorarioServiceImpl:56 - Actualizando horario con id 0e349114-fb2c-46ba-b278-0f9a874a5fa4
15-03-2024 03:27:52 INFO  HorarioServiceImpl:162 - Validando horario
15-03-2024 03:27:52 ERROR HorarioServiceImpl:193 - El horario se superpone con otro horario
15-03-2024 03:27:52 INFO  HorarioServiceImpl:56 - Actualizando horario con id 0e349114-fb2c-46ba-b278-0f9a874a5fa4
15-03-2024 03:27:52 INFO  HorarioServiceImpl:162 - Validando horario
15-03-2024 03:27:52 ERROR HorarioServiceImpl:193 - El horario se superpone con otro horario
15-03-2024 03:27:52 INFO  UsuarioServiceImpl:61 - Eliminando usuario con correo: enzo.meneghini@hotmail.com
15-03-2024 03:28:50 INFO  UsuarioServiceImpl:44 - Guardando usuario con correo: enzo.meneghini@hotmail.com
15-03-2024 03:28:50 INFO  TokenServiceImpl:39 - Generando token para el usuario: enzo.meneghini@hotmail.com
15-03-2024 03:28:50 INFO  IEmailSenderService:46 - Enviando correo a:enzo.meneghini@hotmail.com
15-03-2024 03:28:50 INFO  CursoServiceImpl:45 - Registrando curso: Curso de prueba
15-03-2024 03:28:50 INFO  CursoServiceImpl:59 - Curso registrado con éxito, id: b17a2ae3-873e-4187-a3e6-e5f26e3de3e4
15-03-2024 03:28:50 INFO  CursoServiceImpl:156 - Buscando curso con id: b17a2ae3-873e-4187-a3e6-e5f26e3de3e4
15-03-2024 03:28:50 INFO  CursoServiceImpl:163 - Curso encontrado con éxito, id: b17a2ae3-873e-4187-a3e6-e5f26e3de3e4
15-03-2024 03:28:50 INFO  HorarioServiceImpl:162 - Validando horario
15-03-2024 03:28:50 INFO  HorarioServiceImpl:43 - Registrando horario para el curso b17a2ae3-873e-4187-a3e6-e5f26e3de3e4
15-03-2024 03:28:50 INFO  HorarioServiceImpl:56 - Actualizando horario con id 0617ce89-82ba-4e6b-8b03-8222b588d223
15-03-2024 03:28:50 INFO  HorarioServiceImpl:162 - Validando horario
15-03-2024 03:28:50 ERROR HorarioServiceImpl:193 - El horario se superpone con otro horario
15-03-2024 03:28:50 INFO  HorarioServiceImpl:56 - Actualizando horario con id 0617ce89-82ba-4e6b-8b03-8222b588d223
15-03-2024 03:28:50 INFO  HorarioServiceImpl:162 - Validando horario
15-03-2024 03:28:50 ERROR HorarioServiceImpl:193 - El horario se superpone con otro horario
15-03-2024 03:28:50 INFO  HorarioServiceImpl:56 - Actualizando horario con id 0617ce89-82ba-4e6b-8b03-8222b588d223
15-03-2024 03:28:50 INFO  HorarioServiceImpl:162 - Validando horario
15-03-2024 03:28:50 ERROR HorarioServiceImpl:193 - El horario se superpone con otro horario
15-03-2024 03:28:50 INFO  UsuarioServiceImpl:61 - Eliminando usuario con correo: enzo.meneghini@hotmail.com
15-03-2024 03:37:36 INFO  UsuarioServiceImpl:44 - Guardando usuario con correo: enzo.meneghini@hotmail.com
15-03-2024 03:37:36 INFO  TokenServiceImpl:39 - Generando token para el usuario: enzo.meneghini@hotmail.com
15-03-2024 03:37:36 INFO  IEmailSenderService:46 - Enviando correo a:enzo.meneghini@hotmail.com
15-03-2024 03:37:36 INFO  CursoServiceImpl:45 - Registrando curso: Curso de prueba
15-03-2024 03:37:36 INFO  CursoServiceImpl:59 - Curso registrado con éxito, id: 7abcb441-f364-44c1-9d08-466984a5fc22
15-03-2024 03:37:36 INFO  CursoServiceImpl:156 - Buscando curso con id: 7abcb441-f364-44c1-9d08-466984a5fc22
15-03-2024 03:37:36 INFO  CursoServiceImpl:163 - Curso encontrado con éxito, id: 7abcb441-f364-44c1-9d08-466984a5fc22
15-03-2024 03:37:36 INFO  HorarioServiceImpl:162 - Validando horario
15-03-2024 03:37:36 INFO  HorarioServiceImpl:43 - Registrando horario para el curso 7abcb441-f364-44c1-9d08-466984a5fc22
15-03-2024 03:37:36 INFO  HorarioServiceImpl:56 - Actualizando horario con id 896e4a4d-3ba7-406a-b3c2-89cba6698e45
15-03-2024 03:37:36 INFO  HorarioServiceImpl:162 - Validando horario
15-03-2024 03:37:36 ERROR HorarioServiceImpl:193 - El horario se superpone con otro horario, 1 horarios superpuestos
15-03-2024 03:37:36 INFO  HorarioServiceImpl:56 - Actualizando horario con id 896e4a4d-3ba7-406a-b3c2-89cba6698e45
15-03-2024 03:37:36 INFO  HorarioServiceImpl:162 - Validando horario
15-03-2024 03:37:36 ERROR HorarioServiceImpl:193 - El horario se superpone con otro horario, 1 horarios superpuestos
15-03-2024 03:37:36 INFO  HorarioServiceImpl:56 - Actualizando horario con id 896e4a4d-3ba7-406a-b3c2-89cba6698e45
15-03-2024 03:37:36 INFO  HorarioServiceImpl:162 - Validando horario
15-03-2024 03:37:36 ERROR HorarioServiceImpl:193 - El horario se superpone con otro horario, 1 horarios superpuestos
15-03-2024 03:37:36 INFO  UsuarioServiceImpl:61 - Eliminando usuario con correo: enzo.meneghini@hotmail.com
15-03-2024 03:38:39 INFO  UsuarioServiceImpl:44 - Guardando usuario con correo: enzo.meneghini@hotmail.com
15-03-2024 03:38:39 INFO  TokenServiceImpl:39 - Generando token para el usuario: enzo.meneghini@hotmail.com
15-03-2024 03:38:39 INFO  IEmailSenderService:46 - Enviando correo a:enzo.meneghini@hotmail.com
15-03-2024 03:38:39 INFO  CursoServiceImpl:45 - Registrando curso: Curso de prueba
15-03-2024 03:38:39 INFO  CursoServiceImpl:59 - Curso registrado con éxito, id: 169acda8-564d-495b-8306-5be3bcc4d0c5
15-03-2024 03:38:39 INFO  CursoServiceImpl:156 - Buscando curso con id: 169acda8-564d-495b-8306-5be3bcc4d0c5
15-03-2024 03:38:39 INFO  CursoServiceImpl:163 - Curso encontrado con éxito, id: 169acda8-564d-495b-8306-5be3bcc4d0c5
15-03-2024 03:38:39 INFO  HorarioServiceImpl:162 - Validando horario
15-03-2024 03:38:39 INFO  HorarioServiceImpl:43 - Registrando horario para el curso 169acda8-564d-495b-8306-5be3bcc4d0c5
15-03-2024 03:38:39 INFO  HorarioServiceImpl:56 - Actualizando horario con id d40f614f-e582-4528-8d86-1490a0c78a47
15-03-2024 03:38:39 INFO  HorarioServiceImpl:162 - Validando horario
15-03-2024 03:38:39 ERROR HorarioServiceImpl:193 - El horario se superpone con otro horario, FRIDAY
15-03-2024 03:38:39 INFO  HorarioServiceImpl:56 - Actualizando horario con id d40f614f-e582-4528-8d86-1490a0c78a47
15-03-2024 03:38:39 INFO  HorarioServiceImpl:162 - Validando horario
15-03-2024 03:38:39 ERROR HorarioServiceImpl:193 - El horario se superpone con otro horario, SATURDAY
15-03-2024 03:38:39 INFO  HorarioServiceImpl:56 - Actualizando horario con id d40f614f-e582-4528-8d86-1490a0c78a47
15-03-2024 03:38:39 INFO  HorarioServiceImpl:162 - Validando horario
15-03-2024 03:38:39 ERROR HorarioServiceImpl:193 - El horario se superpone con otro horario, SUNDAY
15-03-2024 03:38:39 INFO  UsuarioServiceImpl:61 - Eliminando usuario con correo: enzo.meneghini@hotmail.com
15-03-2024 03:39:28 INFO  UsuarioServiceImpl:44 - Guardando usuario con correo: enzo.meneghini@hotmail.com
15-03-2024 03:39:28 INFO  TokenServiceImpl:39 - Generando token para el usuario: enzo.meneghini@hotmail.com
15-03-2024 03:39:28 INFO  IEmailSenderService:46 - Enviando correo a:enzo.meneghini@hotmail.com
15-03-2024 03:39:28 INFO  CursoServiceImpl:45 - Registrando curso: Curso de prueba
15-03-2024 03:39:28 INFO  CursoServiceImpl:59 - Curso registrado con éxito, id: 65f543ee-5e28-4ab4-a43c-a8acab32cfd9
15-03-2024 03:39:28 INFO  CursoServiceImpl:156 - Buscando curso con id: 65f543ee-5e28-4ab4-a43c-a8acab32cfd9
15-03-2024 03:39:28 INFO  CursoServiceImpl:163 - Curso encontrado con éxito, id: 65f543ee-5e28-4ab4-a43c-a8acab32cfd9
15-03-2024 03:39:28 INFO  HorarioServiceImpl:162 - Validando horario
15-03-2024 03:39:28 INFO  HorarioServiceImpl:43 - Registrando horario para el curso 65f543ee-5e28-4ab4-a43c-a8acab32cfd9
15-03-2024 03:39:28 INFO  HorarioServiceImpl:56 - Actualizando horario con id 8a87354e-6a6b-4398-84ef-3fc011120cdb
15-03-2024 03:39:28 INFO  HorarioServiceImpl:162 - Validando horario
15-03-2024 03:39:28 ERROR HorarioServiceImpl:193 - El horario se superpone con otro horario, FRIDAY
15-03-2024 03:39:28 INFO  HorarioServiceImpl:56 - Actualizando horario con id 8a87354e-6a6b-4398-84ef-3fc011120cdb
15-03-2024 03:39:28 INFO  HorarioServiceImpl:162 - Validando horario
15-03-2024 03:39:28 ERROR HorarioServiceImpl:193 - El horario se superpone con otro horario, SATURDAY
15-03-2024 03:39:28 INFO  HorarioServiceImpl:56 - Actualizando horario con id 8a87354e-6a6b-4398-84ef-3fc011120cdb
15-03-2024 03:39:28 INFO  HorarioServiceImpl:162 - Validando horario
15-03-2024 03:39:28 ERROR HorarioServiceImpl:193 - El horario se superpone con otro horario, SUNDAY
15-03-2024 03:39:28 INFO  UsuarioServiceImpl:61 - Eliminando usuario con correo: enzo.meneghini@hotmail.com
15-03-2024 03:42:49 INFO  UsuarioServiceImpl:44 - Guardando usuario con correo: enzo.meneghini@hotmail.com
15-03-2024 03:42:49 INFO  TokenServiceImpl:39 - Generando token para el usuario: enzo.meneghini@hotmail.com
15-03-2024 03:42:49 INFO  IEmailSenderService:46 - Enviando correo a:enzo.meneghini@hotmail.com
15-03-2024 03:42:49 INFO  CursoServiceImpl:45 - Registrando curso: Curso de prueba
15-03-2024 03:42:49 INFO  CursoServiceImpl:59 - Curso registrado con éxito, id: 1bd758ab-b71e-40eb-9dd3-60dbb47162e1
15-03-2024 03:42:49 INFO  CursoServiceImpl:156 - Buscando curso con id: 1bd758ab-b71e-40eb-9dd3-60dbb47162e1
15-03-2024 03:42:49 INFO  CursoServiceImpl:163 - Curso encontrado con éxito, id: 1bd758ab-b71e-40eb-9dd3-60dbb47162e1
15-03-2024 03:42:49 INFO  HorarioServiceImpl:162 - Validando horario
15-03-2024 03:42:49 INFO  HorarioServiceImpl:43 - Registrando horario para el curso 1bd758ab-b71e-40eb-9dd3-60dbb47162e1
15-03-2024 03:42:49 INFO  HorarioServiceImpl:56 - Actualizando horario con id 33e23abb-2af1-42a9-8910-2172f8c4a0fc
15-03-2024 03:42:49 INFO  HorarioServiceImpl:162 - Validando horario
15-03-2024 03:42:49 ERROR HorarioServiceImpl:196 - El horario se superpone con otro horario, FRIDAY
15-03-2024 03:42:49 INFO  HorarioServiceImpl:56 - Actualizando horario con id 33e23abb-2af1-42a9-8910-2172f8c4a0fc
15-03-2024 03:42:49 INFO  HorarioServiceImpl:162 - Validando horario
15-03-2024 03:42:49 ERROR HorarioServiceImpl:196 - El horario se superpone con otro horario, SATURDAY
15-03-2024 03:42:49 INFO  HorarioServiceImpl:56 - Actualizando horario con id 33e23abb-2af1-42a9-8910-2172f8c4a0fc
15-03-2024 03:42:50 INFO  HorarioServiceImpl:162 - Validando horario
15-03-2024 03:42:50 ERROR HorarioServiceImpl:196 - El horario se superpone con otro horario, SUNDAY
15-03-2024 03:42:50 INFO  UsuarioServiceImpl:61 - Eliminando usuario con correo: enzo.meneghini@hotmail.com
15-03-2024 03:44:17 INFO  UsuarioServiceImpl:44 - Guardando usuario con correo: enzo.meneghini@hotmail.com
15-03-2024 03:44:17 INFO  TokenServiceImpl:39 - Generando token para el usuario: enzo.meneghini@hotmail.com
15-03-2024 03:44:17 INFO  IEmailSenderService:46 - Enviando correo a:enzo.meneghini@hotmail.com
15-03-2024 03:44:17 INFO  CursoServiceImpl:45 - Registrando curso: Curso de prueba
15-03-2024 03:44:17 INFO  CursoServiceImpl:59 - Curso registrado con éxito, id: 05035ffa-a031-4eb9-9fd0-78bec9b0729b
15-03-2024 03:44:17 INFO  CursoServiceImpl:156 - Buscando curso con id: 05035ffa-a031-4eb9-9fd0-78bec9b0729b
15-03-2024 03:44:17 INFO  CursoServiceImpl:163 - Curso encontrado con éxito, id: 05035ffa-a031-4eb9-9fd0-78bec9b0729b
15-03-2024 03:44:17 INFO  HorarioServiceImpl:162 - Validando horario
15-03-2024 03:44:17 INFO  HorarioServiceImpl:43 - Registrando horario para el curso 05035ffa-a031-4eb9-9fd0-78bec9b0729b
15-03-2024 03:44:17 INFO  HorarioServiceImpl:56 - Actualizando horario con id d45bda2a-9a2c-40d9-a178-581775ebc3b1
15-03-2024 03:44:17 INFO  HorarioServiceImpl:162 - Validando horario
15-03-2024 03:44:17 ERROR HorarioServiceImpl:196 - El horario se superpone con otro horario, FRIDAY 04:44:17.736146800 06:44:17.736146800 d45bda2a-9a2c-40d9-a178-581775ebc3b1
15-03-2024 03:44:17 INFO  HorarioServiceImpl:56 - Actualizando horario con id d45bda2a-9a2c-40d9-a178-581775ebc3b1
15-03-2024 03:44:17 INFO  HorarioServiceImpl:162 - Validando horario
15-03-2024 03:44:17 ERROR HorarioServiceImpl:196 - El horario se superpone con otro horario, SATURDAY 03:44:17.686372 05:44:17.686372 d45bda2a-9a2c-40d9-a178-581775ebc3b1
15-03-2024 03:44:17 INFO  HorarioServiceImpl:56 - Actualizando horario con id d45bda2a-9a2c-40d9-a178-581775ebc3b1
15-03-2024 03:44:17 INFO  HorarioServiceImpl:162 - Validando horario
15-03-2024 03:44:17 ERROR HorarioServiceImpl:196 - El horario se superpone con otro horario, SUNDAY 04:44:17.685797600 06:44:17.685797600 d45bda2a-9a2c-40d9-a178-581775ebc3b1
15-03-2024 03:44:17 INFO  UsuarioServiceImpl:61 - Eliminando usuario con correo: enzo.meneghini@hotmail.com
15-03-2024 03:47:02 INFO  UsuarioServiceImpl:44 - Guardando usuario con correo: enzo.meneghini@hotmail.com
15-03-2024 03:47:02 INFO  TokenServiceImpl:39 - Generando token para el usuario: enzo.meneghini@hotmail.com
15-03-2024 03:47:02 INFO  IEmailSenderService:46 - Enviando correo a:enzo.meneghini@hotmail.com
15-03-2024 03:47:02 INFO  CursoServiceImpl:45 - Registrando curso: Curso de prueba
15-03-2024 03:47:02 INFO  CursoServiceImpl:59 - Curso registrado con éxito, id: 932cba2b-889c-4b94-bd4a-9e27652159aa
15-03-2024 03:47:02 INFO  CursoServiceImpl:156 - Buscando curso con id: 932cba2b-889c-4b94-bd4a-9e27652159aa
15-03-2024 03:47:02 INFO  CursoServiceImpl:163 - Curso encontrado con éxito, id: 932cba2b-889c-4b94-bd4a-9e27652159aa
15-03-2024 03:47:02 INFO  HorarioServiceImpl:162 - Validando horario
15-03-2024 03:47:02 INFO  HorarioServiceImpl:43 - Registrando horario para el curso 932cba2b-889c-4b94-bd4a-9e27652159aa
15-03-2024 03:47:02 INFO  HorarioServiceImpl:56 - Actualizando horario con id 427af397-59fe-4bbc-b540-8539288d3c20
15-03-2024 03:47:02 INFO  HorarioServiceImpl:162 - Validando horario
15-03-2024 03:47:02 ERROR HorarioServiceImpl:196 - El horario se superpone con otro horario, FRIDAY 04:47:02.851188400 06:47:02.851188400 427af397-59fe-4bbc-b540-8539288d3c20
15-03-2024 03:47:02 INFO  HorarioServiceImpl:56 - Actualizando horario con id 427af397-59fe-4bbc-b540-8539288d3c20
15-03-2024 03:47:02 INFO  HorarioServiceImpl:162 - Validando horario
15-03-2024 03:47:02 ERROR HorarioServiceImpl:196 - El horario se superpone con otro horario, SATURDAY 03:47:02.818366600 05:47:02.818366600 427af397-59fe-4bbc-b540-8539288d3c20
15-03-2024 03:47:02 INFO  HorarioServiceImpl:56 - Actualizando horario con id 427af397-59fe-4bbc-b540-8539288d3c20
15-03-2024 03:47:02 INFO  HorarioServiceImpl:162 - Validando horario
15-03-2024 03:47:02 ERROR HorarioServiceImpl:196 - El horario se superpone con otro horario, SUNDAY 04:47:02.818366600 06:47:02.818366600 427af397-59fe-4bbc-b540-8539288d3c20
15-03-2024 03:47:02 INFO  UsuarioServiceImpl:61 - Eliminando usuario con correo: enzo.meneghini@hotmail.com
15-03-2024 03:48:10 INFO  UsuarioServiceImpl:44 - Guardando usuario con correo: enzo.meneghini@hotmail.com
15-03-2024 03:48:10 INFO  TokenServiceImpl:39 - Generando token para el usuario: enzo.meneghini@hotmail.com
15-03-2024 03:48:10 INFO  IEmailSenderService:46 - Enviando correo a:enzo.meneghini@hotmail.com
15-03-2024 03:48:10 INFO  CursoServiceImpl:45 - Registrando curso: Curso de prueba
15-03-2024 03:48:10 INFO  CursoServiceImpl:59 - Curso registrado con éxito, id: f6899604-c317-4ffd-90d1-077ec727ffc9
15-03-2024 03:48:10 INFO  CursoServiceImpl:156 - Buscando curso con id: f6899604-c317-4ffd-90d1-077ec727ffc9
15-03-2024 03:48:10 INFO  CursoServiceImpl:163 - Curso encontrado con éxito, id: f6899604-c317-4ffd-90d1-077ec727ffc9
15-03-2024 03:48:10 INFO  HorarioServiceImpl:162 - Validando horario
15-03-2024 03:48:10 INFO  HorarioServiceImpl:43 - Registrando horario para el curso f6899604-c317-4ffd-90d1-077ec727ffc9
15-03-2024 03:48:10 INFO  HorarioServiceImpl:56 - Actualizando horario con id a86fe85a-5e81-474a-9974-a6e2e3b74919
15-03-2024 03:48:10 INFO  HorarioServiceImpl:162 - Validando horario
15-03-2024 03:48:10 INFO  UsuarioServiceImpl:61 - Eliminando usuario con correo: enzo.meneghini@hotmail.com
15-03-2024 03:51:50 INFO  UsuarioServiceImpl:44 - Guardando usuario con correo: enzo.meneghini@hotmail.com
15-03-2024 03:51:50 INFO  TokenServiceImpl:39 - Generando token para el usuario: enzo.meneghini@hotmail.com
15-03-2024 03:51:50 INFO  IEmailSenderService:46 - Enviando correo a:enzo.meneghini@hotmail.com
15-03-2024 03:51:50 INFO  CursoServiceImpl:45 - Registrando curso: Curso de prueba
15-03-2024 03:51:50 INFO  CursoServiceImpl:59 - Curso registrado con éxito, id: be5b163a-89d9-45de-96b9-5327f2c5a63c
15-03-2024 03:51:50 INFO  CursoServiceImpl:156 - Buscando curso con id: be5b163a-89d9-45de-96b9-5327f2c5a63c
15-03-2024 03:51:50 INFO  CursoServiceImpl:163 - Curso encontrado con éxito, id: be5b163a-89d9-45de-96b9-5327f2c5a63c
15-03-2024 03:51:50 INFO  HorarioServiceImpl:162 - Validando horario
15-03-2024 03:51:50 INFO  HorarioServiceImpl:43 - Registrando horario para el curso be5b163a-89d9-45de-96b9-5327f2c5a63c
15-03-2024 03:51:50 INFO  HorarioServiceImpl:56 - Actualizando horario con id 8786061d-4a2e-40f4-94d2-a70e30ae7dd9
15-03-2024 03:51:50 INFO  HorarioServiceImpl:162 - Validando horario
15-03-2024 03:51:50 INFO  UsuarioServiceImpl:61 - Eliminando usuario con correo: enzo.meneghini@hotmail.com
15-03-2024 03:56:34 INFO  UsuarioServiceImpl:44 - Guardando usuario con correo: enzo.meneghini@hotmail.com
15-03-2024 03:56:34 INFO  TokenServiceImpl:39 - Generando token para el usuario: enzo.meneghini@hotmail.com
15-03-2024 03:56:34 INFO  IEmailSenderService:46 - Enviando correo a:enzo.meneghini@hotmail.com
15-03-2024 03:56:34 INFO  CursoServiceImpl:45 - Registrando curso: Curso de prueba
15-03-2024 03:56:34 INFO  CursoServiceImpl:59 - Curso registrado con éxito, id: 25e887ed-543e-4d18-a3b3-a0cbc2126537
15-03-2024 03:56:34 INFO  CursoServiceImpl:156 - Buscando curso con id: 25e887ed-543e-4d18-a3b3-a0cbc2126537
15-03-2024 03:56:34 INFO  CursoServiceImpl:163 - Curso encontrado con éxito, id: 25e887ed-543e-4d18-a3b3-a0cbc2126537
15-03-2024 03:56:34 INFO  HorarioServiceImpl:162 - Validando horario
15-03-2024 03:56:34 INFO  HorarioServiceImpl:43 - Registrando horario para el curso 25e887ed-543e-4d18-a3b3-a0cbc2126537
15-03-2024 03:56:34 INFO  HorarioServiceImpl:56 - Actualizando horario con id c3d74811-6a57-42c3-a56f-7f403694b8b8
15-03-2024 03:56:34 INFO  HorarioServiceImpl:162 - Validando horario
15-03-2024 03:56:34 INFO  UsuarioServiceImpl:61 - Eliminando usuario con correo: enzo.meneghini@hotmail.com
15-03-2024 03:57:10 INFO  UsuarioServiceImpl:44 - Guardando usuario con correo: enzo.meneghini@hotmail.com
15-03-2024 03:57:10 INFO  TokenServiceImpl:39 - Generando token para el usuario: enzo.meneghini@hotmail.com
15-03-2024 03:57:10 INFO  IEmailSenderService:46 - Enviando correo a:enzo.meneghini@hotmail.com
15-03-2024 03:57:10 INFO  CursoServiceImpl:45 - Registrando curso: Curso de prueba
15-03-2024 03:57:10 INFO  CursoServiceImpl:59 - Curso registrado con éxito, id: a9de2404-6c99-4017-b768-c07d0792dc34
15-03-2024 03:57:10 INFO  CursoServiceImpl:156 - Buscando curso con id: a9de2404-6c99-4017-b768-c07d0792dc34
15-03-2024 03:57:10 INFO  CursoServiceImpl:163 - Curso encontrado con éxito, id: a9de2404-6c99-4017-b768-c07d0792dc34
15-03-2024 03:57:10 INFO  HorarioServiceImpl:162 - Validando horario
15-03-2024 03:57:10 INFO  HorarioServiceImpl:43 - Registrando horario para el curso a9de2404-6c99-4017-b768-c07d0792dc34
15-03-2024 03:57:10 INFO  HorarioServiceImpl:56 - Actualizando horario con id f7fd8c1f-a0fe-4e8e-b458-6e3a0e058321
15-03-2024 03:57:10 INFO  HorarioServiceImpl:162 - Validando horario
15-03-2024 03:57:10 INFO  UsuarioServiceImpl:61 - Eliminando usuario con correo: enzo.meneghini@hotmail.com
15-03-2024 03:57:41 INFO  UsuarioServiceImpl:44 - Guardando usuario con correo: enzo.meneghini@hotmail.com
15-03-2024 03:57:41 INFO  TokenServiceImpl:39 - Generando token para el usuario: enzo.meneghini@hotmail.com
15-03-2024 03:57:41 INFO  IEmailSenderService:46 - Enviando correo a:enzo.meneghini@hotmail.com
15-03-2024 03:57:41 INFO  CursoServiceImpl:45 - Registrando curso: Curso de prueba
15-03-2024 03:57:41 INFO  CursoServiceImpl:59 - Curso registrado con éxito, id: 428d6981-f1df-4318-89eb-5e79be8acdfe
15-03-2024 03:57:41 INFO  CursoServiceImpl:156 - Buscando curso con id: 428d6981-f1df-4318-89eb-5e79be8acdfe
15-03-2024 03:57:41 INFO  CursoServiceImpl:163 - Curso encontrado con éxito, id: 428d6981-f1df-4318-89eb-5e79be8acdfe
15-03-2024 03:57:41 INFO  HorarioServiceImpl:162 - Validando horario
15-03-2024 03:57:41 INFO  HorarioServiceImpl:43 - Registrando horario para el curso 428d6981-f1df-4318-89eb-5e79be8acdfe
15-03-2024 03:57:41 INFO  HorarioServiceImpl:56 - Actualizando horario con id a2803649-a8b4-40f7-b09d-07bcd1cd5de4
15-03-2024 03:57:41 INFO  HorarioServiceImpl:162 - Validando horario
15-03-2024 03:57:41 INFO  UsuarioServiceImpl:61 - Eliminando usuario con correo: enzo.meneghini@hotmail.com
15-03-2024 03:58:47 INFO  UsuarioServiceImpl:44 - Guardando usuario con correo: enzo.meneghini@hotmail.com
15-03-2024 03:58:47 INFO  TokenServiceImpl:39 - Generando token para el usuario: enzo.meneghini@hotmail.com
15-03-2024 03:58:47 INFO  IEmailSenderService:46 - Enviando correo a:enzo.meneghini@hotmail.com
15-03-2024 03:58:47 INFO  CursoServiceImpl:45 - Registrando curso: Curso de prueba
15-03-2024 03:58:47 INFO  CursoServiceImpl:59 - Curso registrado con éxito, id: 111051bd-7774-4f3c-801a-31ba983e383a
15-03-2024 03:58:47 INFO  CursoServiceImpl:156 - Buscando curso con id: 111051bd-7774-4f3c-801a-31ba983e383a
15-03-2024 03:58:47 INFO  CursoServiceImpl:163 - Curso encontrado con éxito, id: 111051bd-7774-4f3c-801a-31ba983e383a
15-03-2024 03:58:47 INFO  HorarioServiceImpl:162 - Validando horario
15-03-2024 03:58:47 INFO  HorarioServiceImpl:43 - Registrando horario para el curso 111051bd-7774-4f3c-801a-31ba983e383a
15-03-2024 03:58:47 INFO  UsuarioServiceImpl:61 - Eliminando usuario con correo: enzo.meneghini@hotmail.com
15-03-2024 04:01:29 INFO  UsuarioServiceImpl:44 - Guardando usuario con correo: enzo.meneghini@hotmail.com
15-03-2024 04:01:29 INFO  TokenServiceImpl:39 - Generando token para el usuario: enzo.meneghini@hotmail.com
15-03-2024 04:01:29 INFO  IEmailSenderService:46 - Enviando correo a:enzo.meneghini@hotmail.com
15-03-2024 04:01:29 INFO  CursoServiceImpl:45 - Registrando curso: Curso de prueba
15-03-2024 04:01:29 INFO  CursoServiceImpl:59 - Curso registrado con éxito, id: b878943d-ba2c-4993-88fd-d2ff7c577ec5
15-03-2024 04:01:29 INFO  CursoServiceImpl:156 - Buscando curso con id: b878943d-ba2c-4993-88fd-d2ff7c577ec5
15-03-2024 04:01:29 INFO  CursoServiceImpl:163 - Curso encontrado con éxito, id: b878943d-ba2c-4993-88fd-d2ff7c577ec5
15-03-2024 04:01:29 INFO  HorarioServiceImpl:162 - Validando horario
15-03-2024 04:01:29 INFO  HorarioServiceImpl:43 - Registrando horario para el curso b878943d-ba2c-4993-88fd-d2ff7c577ec5
15-03-2024 04:01:29 INFO  UsuarioServiceImpl:61 - Eliminando usuario con correo: enzo.meneghini@hotmail.com
15-03-2024 04:02:32 INFO  UsuarioServiceImpl:44 - Guardando usuario con correo: enzo.meneghini@hotmail.com
15-03-2024 04:02:33 INFO  TokenServiceImpl:39 - Generando token para el usuario: enzo.meneghini@hotmail.com
15-03-2024 04:02:33 INFO  IEmailSenderService:46 - Enviando correo a:enzo.meneghini@hotmail.com
15-03-2024 04:02:33 INFO  CursoServiceImpl:45 - Registrando curso: Curso de prueba
15-03-2024 04:02:33 INFO  CursoServiceImpl:59 - Curso registrado con éxito, id: d36eced0-74fc-44a5-b09f-d04224e861e1
15-03-2024 04:02:33 INFO  CursoServiceImpl:156 - Buscando curso con id: d36eced0-74fc-44a5-b09f-d04224e861e1
15-03-2024 04:02:33 INFO  CursoServiceImpl:163 - Curso encontrado con éxito, id: d36eced0-74fc-44a5-b09f-d04224e861e1
15-03-2024 04:02:33 INFO  HorarioServiceImpl:162 - Validando horario
15-03-2024 04:02:33 INFO  HorarioServiceImpl:43 - Registrando horario para el curso d36eced0-74fc-44a5-b09f-d04224e861e1
15-03-2024 04:02:33 INFO  HorarioServiceImpl:56 - Actualizando horario con id 7074db38-84c8-40b2-98ee-e56d0d5f1438
15-03-2024 04:02:33 INFO  HorarioServiceImpl:162 - Validando horario
15-03-2024 04:02:33 INFO  UsuarioServiceImpl:61 - Eliminando usuario con correo: enzo.meneghini@hotmail.com
15-03-2024 04:03:25 INFO  UsuarioServiceImpl:44 - Guardando usuario con correo: enzo.meneghini@hotmail.com
15-03-2024 04:03:26 INFO  TokenServiceImpl:39 - Generando token para el usuario: enzo.meneghini@hotmail.com
15-03-2024 04:03:26 INFO  IEmailSenderService:46 - Enviando correo a:enzo.meneghini@hotmail.com
15-03-2024 04:03:26 INFO  CursoServiceImpl:45 - Registrando curso: Curso de prueba
15-03-2024 04:03:26 INFO  CursoServiceImpl:59 - Curso registrado con éxito, id: c641901a-aa9a-41fc-b713-70553925d126
15-03-2024 04:03:26 INFO  CursoServiceImpl:156 - Buscando curso con id: c641901a-aa9a-41fc-b713-70553925d126
15-03-2024 04:03:26 INFO  CursoServiceImpl:163 - Curso encontrado con éxito, id: c641901a-aa9a-41fc-b713-70553925d126
15-03-2024 04:03:26 INFO  HorarioServiceImpl:162 - Validando horario
15-03-2024 04:03:26 INFO  HorarioServiceImpl:187 - Horarios superpuestos: 0
15-03-2024 04:03:26 INFO  HorarioServiceImpl:43 - Registrando horario para el curso c641901a-aa9a-41fc-b713-70553925d126
15-03-2024 04:03:26 INFO  HorarioServiceImpl:56 - Actualizando horario con id b76c0e3d-0de0-4686-abae-0eb6bd32de00
15-03-2024 04:03:26 INFO  HorarioServiceImpl:162 - Validando horario
15-03-2024 04:03:26 INFO  HorarioServiceImpl:187 - Horarios superpuestos: 1
15-03-2024 04:03:26 INFO  UsuarioServiceImpl:61 - Eliminando usuario con correo: enzo.meneghini@hotmail.com
15-03-2024 04:07:18 INFO  UsuarioServiceImpl:44 - Guardando usuario con correo: enzo.meneghini@hotmail.com
15-03-2024 04:07:19 INFO  TokenServiceImpl:39 - Generando token para el usuario: enzo.meneghini@hotmail.com
15-03-2024 04:07:19 INFO  IEmailSenderService:46 - Enviando correo a:enzo.meneghini@hotmail.com
15-03-2024 04:07:19 INFO  CursoServiceImpl:45 - Registrando curso: Curso de prueba
15-03-2024 04:07:19 INFO  CursoServiceImpl:59 - Curso registrado con éxito, id: 7e0c3819-847d-421a-ac75-5ff0d82bc607
15-03-2024 04:07:19 INFO  CursoServiceImpl:156 - Buscando curso con id: 7e0c3819-847d-421a-ac75-5ff0d82bc607
15-03-2024 04:07:19 INFO  CursoServiceImpl:163 - Curso encontrado con éxito, id: 7e0c3819-847d-421a-ac75-5ff0d82bc607
15-03-2024 04:07:19 INFO  HorarioServiceImpl:162 - Validando horario
15-03-2024 04:07:19 INFO  HorarioServiceImpl:187 - Horarios superpuestos: 0
15-03-2024 04:07:19 INFO  HorarioServiceImpl:43 - Registrando horario para el curso 7e0c3819-847d-421a-ac75-5ff0d82bc607
15-03-2024 04:07:19 INFO  HorarioServiceImpl:56 - Actualizando horario con id c6e941eb-6de5-49c6-b71a-ee359ffe1943
15-03-2024 04:07:19 INFO  HorarioServiceImpl:162 - Validando horario
15-03-2024 04:07:19 INFO  HorarioServiceImpl:187 - Horarios superpuestos: 1
15-03-2024 04:07:19 INFO  HorarioServiceImpl:190 - El horario se superpone con otro horario, pero es el mismo horarioc6e941eb-6de5-49c6-b71a-ee359ffe1943 c6e941eb-6de5-49c6-b71a-ee359ffe1943
15-03-2024 04:07:19 INFO  UsuarioServiceImpl:61 - Eliminando usuario con correo: enzo.meneghini@hotmail.com
15-03-2024 04:09:14 INFO  UsuarioServiceImpl:44 - Guardando usuario con correo: enzo.meneghini@hotmail.com
15-03-2024 04:09:14 INFO  TokenServiceImpl:39 - Generando token para el usuario: enzo.meneghini@hotmail.com
15-03-2024 04:09:14 INFO  IEmailSenderService:46 - Enviando correo a:enzo.meneghini@hotmail.com
15-03-2024 04:09:14 INFO  CursoServiceImpl:45 - Registrando curso: Curso de prueba
15-03-2024 04:09:14 INFO  CursoServiceImpl:59 - Curso registrado con éxito, id: fc371916-03f8-45c9-9ea0-8dc6c3d63116
15-03-2024 04:09:14 INFO  CursoServiceImpl:156 - Buscando curso con id: fc371916-03f8-45c9-9ea0-8dc6c3d63116
15-03-2024 04:09:14 INFO  CursoServiceImpl:163 - Curso encontrado con éxito, id: fc371916-03f8-45c9-9ea0-8dc6c3d63116
15-03-2024 04:09:14 INFO  HorarioServiceImpl:162 - Validando horario
15-03-2024 04:09:14 INFO  HorarioServiceImpl:187 - Horarios superpuestos: 0
15-03-2024 04:09:14 INFO  HorarioServiceImpl:43 - Registrando horario para el curso fc371916-03f8-45c9-9ea0-8dc6c3d63116
15-03-2024 04:09:14 INFO  HorarioServiceImpl:56 - Actualizando horario con id 8b9ab084-270a-4535-80ca-41da076648c2
15-03-2024 04:09:14 INFO  HorarioServiceImpl:162 - Validando horario
15-03-2024 04:09:14 INFO  HorarioServiceImpl:187 - Horarios superpuestos: 1
15-03-2024 04:09:14 INFO  HorarioServiceImpl:190 - El horario se superpone con otro horario, pero es el mismo horarioasist.io.entity.Horario@1fa18b63 asist.io.entity.Horario@1fa18b63
15-03-2024 04:09:14 INFO  UsuarioServiceImpl:61 - Eliminando usuario con correo: enzo.meneghini@hotmail.com
15-03-2024 04:10:36 INFO  UsuarioServiceImpl:44 - Guardando usuario con correo: enzo.meneghini@hotmail.com
15-03-2024 04:10:36 INFO  TokenServiceImpl:39 - Generando token para el usuario: enzo.meneghini@hotmail.com
15-03-2024 04:10:36 INFO  IEmailSenderService:46 - Enviando correo a:enzo.meneghini@hotmail.com
15-03-2024 04:10:36 INFO  CursoServiceImpl:45 - Registrando curso: Curso de prueba
15-03-2024 04:10:36 INFO  CursoServiceImpl:59 - Curso registrado con éxito, id: bb10e940-5d5b-4ec4-ae13-c3aba49408c7
15-03-2024 04:10:36 INFO  CursoServiceImpl:156 - Buscando curso con id: bb10e940-5d5b-4ec4-ae13-c3aba49408c7
15-03-2024 04:10:36 INFO  CursoServiceImpl:163 - Curso encontrado con éxito, id: bb10e940-5d5b-4ec4-ae13-c3aba49408c7
15-03-2024 04:10:36 INFO  HorarioServiceImpl:162 - Validando horario
15-03-2024 04:10:36 INFO  HorarioServiceImpl:187 - Horarios superpuestos: 0
15-03-2024 04:10:36 INFO  HorarioServiceImpl:43 - Registrando horario para el curso bb10e940-5d5b-4ec4-ae13-c3aba49408c7
15-03-2024 04:10:36 INFO  HorarioServiceImpl:56 - Actualizando horario con id 56a14b05-f193-456d-910b-cbd8106b0c2a
15-03-2024 04:10:36 INFO  HorarioServiceImpl:162 - Validando horario
15-03-2024 04:10:36 INFO  HorarioServiceImpl:187 - Horarios superpuestos: 1
15-03-2024 04:10:36 INFO  HorarioServiceImpl:190 - El horario se superpone con otro horario, pero es el mismo horarioasist.io.entity.Horario@67d0fc1f asist.io.entity.Horario@67d0fc1f
15-03-2024 04:10:36 INFO  UsuarioServiceImpl:61 - Eliminando usuario con correo: enzo.meneghini@hotmail.com
15-03-2024 04:11:48 INFO  UsuarioServiceImpl:44 - Guardando usuario con correo: enzo.meneghini@hotmail.com
15-03-2024 04:11:48 INFO  TokenServiceImpl:39 - Generando token para el usuario: enzo.meneghini@hotmail.com
15-03-2024 04:11:48 INFO  IEmailSenderService:46 - Enviando correo a:enzo.meneghini@hotmail.com
15-03-2024 04:11:48 INFO  CursoServiceImpl:45 - Registrando curso: Curso de prueba
15-03-2024 04:11:48 INFO  CursoServiceImpl:59 - Curso registrado con éxito, id: 7ee6b16d-0612-49c6-9eb6-7b2d6c2999c0
15-03-2024 04:11:48 INFO  CursoServiceImpl:156 - Buscando curso con id: 7ee6b16d-0612-49c6-9eb6-7b2d6c2999c0
15-03-2024 04:11:48 INFO  CursoServiceImpl:163 - Curso encontrado con éxito, id: 7ee6b16d-0612-49c6-9eb6-7b2d6c2999c0
15-03-2024 04:11:48 INFO  HorarioServiceImpl:162 - Validando horario
15-03-2024 04:11:48 INFO  HorarioServiceImpl:187 - Horarios superpuestos: 0
15-03-2024 04:11:48 INFO  HorarioServiceImpl:43 - Registrando horario para el curso 7ee6b16d-0612-49c6-9eb6-7b2d6c2999c0
15-03-2024 04:11:48 INFO  HorarioServiceImpl:56 - Actualizando horario con id 2afb3df8-2ed5-4a4e-898f-9898de0cf1b4
15-03-2024 04:11:48 INFO  HorarioServiceImpl:162 - Validando horario
15-03-2024 04:11:49 INFO  HorarioServiceImpl:187 - Horarios superpuestos: 1
15-03-2024 04:11:49 INFO  HorarioServiceImpl:190 - El horario se superpone con otro horario, pero es el mismo horarioasist.io.entity.Horario@67d0fc1f asist.io.entity.Horario@67d0fc1f
15-03-2024 04:11:49 INFO  UsuarioServiceImpl:61 - Eliminando usuario con correo: enzo.meneghini@hotmail.com
15-03-2024 04:19:47 INFO  UsuarioServiceImpl:44 - Guardando usuario con correo: enzo.meneghini@hotmail.com
15-03-2024 04:19:47 INFO  TokenServiceImpl:39 - Generando token para el usuario: enzo.meneghini@hotmail.com
15-03-2024 04:19:47 INFO  IEmailSenderService:46 - Enviando correo a:enzo.meneghini@hotmail.com
15-03-2024 04:19:47 INFO  CursoServiceImpl:45 - Registrando curso: Curso de prueba
15-03-2024 04:19:47 INFO  CursoServiceImpl:59 - Curso registrado con éxito, id: a146b113-0c27-4d17-83f3-6eaf92951e94
15-03-2024 04:19:47 INFO  CursoServiceImpl:156 - Buscando curso con id: a146b113-0c27-4d17-83f3-6eaf92951e94
15-03-2024 04:19:47 INFO  CursoServiceImpl:163 - Curso encontrado con éxito, id: a146b113-0c27-4d17-83f3-6eaf92951e94
15-03-2024 04:19:47 INFO  HorarioServiceImpl:162 - Validando horario
15-03-2024 04:19:47 INFO  HorarioServiceImpl:187 - Horarios superpuestos: 0
15-03-2024 04:19:47 INFO  HorarioServiceImpl:43 - Registrando horario para el curso a146b113-0c27-4d17-83f3-6eaf92951e94
15-03-2024 04:19:47 INFO  CursoServiceImpl:156 - Buscando curso con id: a146b113-0c27-4d17-83f3-6eaf92951e94
15-03-2024 04:19:47 INFO  CursoServiceImpl:163 - Curso encontrado con éxito, id: a146b113-0c27-4d17-83f3-6eaf92951e94
15-03-2024 04:19:47 INFO  HorarioServiceImpl:162 - Validando horario
15-03-2024 04:19:47 INFO  HorarioServiceImpl:187 - Horarios superpuestos: 1
15-03-2024 04:19:47 ERROR HorarioServiceImpl:193 - El horario se superpone con otro horario, FRIDAY 04:19:47.295250800 06:19:47.295250800 bd7874c1-d6f0-4c92-99dd-8e64c43ef5d0
15-03-2024 04:19:47 INFO  UsuarioServiceImpl:61 - Eliminando usuario con correo: enzo.meneghini@hotmail.com
15-03-2024 04:20:10 INFO  UsuarioServiceImpl:44 - Guardando usuario con correo: enzo.meneghini@hotmail.com
15-03-2024 04:20:10 INFO  TokenServiceImpl:39 - Generando token para el usuario: enzo.meneghini@hotmail.com
15-03-2024 04:20:10 INFO  IEmailSenderService:46 - Enviando correo a:enzo.meneghini@hotmail.com
15-03-2024 04:20:10 INFO  CursoServiceImpl:45 - Registrando curso: Curso de prueba
15-03-2024 04:20:10 INFO  CursoServiceImpl:59 - Curso registrado con éxito, id: 19290133-0fc9-4ec7-bcca-c22c10b02b1a
15-03-2024 04:20:10 INFO  CursoServiceImpl:156 - Buscando curso con id: 19290133-0fc9-4ec7-bcca-c22c10b02b1a
15-03-2024 04:20:10 INFO  CursoServiceImpl:163 - Curso encontrado con éxito, id: 19290133-0fc9-4ec7-bcca-c22c10b02b1a
15-03-2024 04:20:10 INFO  HorarioServiceImpl:162 - Validando horario
15-03-2024 04:20:10 INFO  HorarioServiceImpl:187 - Horarios superpuestos: 0
15-03-2024 04:20:10 INFO  HorarioServiceImpl:43 - Registrando horario para el curso 19290133-0fc9-4ec7-bcca-c22c10b02b1a
15-03-2024 04:20:10 INFO  CursoServiceImpl:156 - Buscando curso con id: 19290133-0fc9-4ec7-bcca-c22c10b02b1a
15-03-2024 04:20:10 INFO  CursoServiceImpl:163 - Curso encontrado con éxito, id: 19290133-0fc9-4ec7-bcca-c22c10b02b1a
15-03-2024 04:20:10 INFO  HorarioServiceImpl:162 - Validando horario
15-03-2024 04:20:10 INFO  HorarioServiceImpl:187 - Horarios superpuestos: 0
15-03-2024 04:20:10 INFO  HorarioServiceImpl:43 - Registrando horario para el curso 19290133-0fc9-4ec7-bcca-c22c10b02b1a
15-03-2024 04:20:10 INFO  HorarioServiceImpl:56 - Actualizando horario con id 3970a716-1d78-4cc7-bf1d-ad91a84244ec
15-03-2024 04:20:10 INFO  HorarioServiceImpl:162 - Validando horario
15-03-2024 04:20:10 INFO  HorarioServiceImpl:187 - Horarios superpuestos: 2
15-03-2024 04:20:10 ERROR HorarioServiceImpl:193 - El horario se superpone con otro horario, SATURDAY 04:20:10.618877800 06:20:10.618877800 3970a716-1d78-4cc7-bf1d-ad91a84244ec
15-03-2024 04:20:10 INFO  HorarioServiceImpl:56 - Actualizando horario con id 3970a716-1d78-4cc7-bf1d-ad91a84244ec
15-03-2024 04:20:10 INFO  HorarioServiceImpl:162 - Validando horario
15-03-2024 04:20:10 INFO  HorarioServiceImpl:187 - Horarios superpuestos: 1
15-03-2024 04:20:10 INFO  HorarioServiceImpl:190 - El horario se superpone con otro horario, pero es el mismo horarioasist.io.entity.Horario@67d0fc1f asist.io.entity.Horario@67d0fc1f
15-03-2024 04:20:10 INFO  UsuarioServiceImpl:61 - Eliminando usuario con correo: enzo.meneghini@hotmail.com
15-03-2024 05:17:00 INFO  UsuarioServiceImpl:44 - Guardando usuario con correo: enzo.meneghini@hotmail.com
15-03-2024 05:17:00 INFO  TokenServiceImpl:39 - Generando token para el usuario: enzo.meneghini@hotmail.com
15-03-2024 05:17:00 INFO  IEmailSenderService:46 - Enviando correo a:enzo.meneghini@hotmail.com
15-03-2024 05:17:00 INFO  CursoServiceImpl:45 - Registrando curso: Curso de prueba
15-03-2024 05:17:00 INFO  CursoServiceImpl:59 - Curso registrado con éxito, id: e8a9c2e7-95f5-437b-9078-24b86ea3fdf6
15-03-2024 05:17:00 INFO  CursoServiceImpl:156 - Buscando curso con id: e8a9c2e7-95f5-437b-9078-24b86ea3fdf6
15-03-2024 05:17:00 INFO  CursoServiceImpl:163 - Curso encontrado con éxito, id: e8a9c2e7-95f5-437b-9078-24b86ea3fdf6
15-03-2024 05:17:00 INFO  HorarioServiceImpl:162 - Validando horario
15-03-2024 05:17:01 INFO  HorarioServiceImpl:187 - Horarios superpuestos: 0
15-03-2024 05:17:01 INFO  HorarioServiceImpl:43 - Registrando horario para el curso e8a9c2e7-95f5-437b-9078-24b86ea3fdf6
15-03-2024 05:17:01 INFO  CursoServiceImpl:156 - Buscando curso con id: e8a9c2e7-95f5-437b-9078-24b86ea3fdf6
15-03-2024 05:17:01 INFO  CursoServiceImpl:163 - Curso encontrado con éxito, id: e8a9c2e7-95f5-437b-9078-24b86ea3fdf6
15-03-2024 05:17:01 INFO  HorarioServiceImpl:162 - Validando horario
15-03-2024 05:17:01 INFO  HorarioServiceImpl:187 - Horarios superpuestos: 0
15-03-2024 05:17:01 INFO  HorarioServiceImpl:43 - Registrando horario para el curso e8a9c2e7-95f5-437b-9078-24b86ea3fdf6
15-03-2024 05:17:01 INFO  HorarioServiceImpl:56 - Actualizando horario con id b1219c3f-4962-401d-b5bf-048aa1466d5a
15-03-2024 05:17:01 INFO  HorarioServiceImpl:162 - Validando horario
15-03-2024 05:17:01 INFO  HorarioServiceImpl:187 - Horarios superpuestos: 2
15-03-2024 05:17:01 ERROR HorarioServiceImpl:193 - El horario se superpone con otro horario
15-03-2024 05:17:01 INFO  HorarioServiceImpl:56 - Actualizando horario con id b1219c3f-4962-401d-b5bf-048aa1466d5a
15-03-2024 05:17:01 INFO  HorarioServiceImpl:162 - Validando horario
15-03-2024 05:17:01 INFO  HorarioServiceImpl:187 - Horarios superpuestos: 1
15-03-2024 05:17:01 INFO  HorarioServiceImpl:190 - El horario se superpone con otro horario, pero es el mismo horario
15-03-2024 05:17:01 INFO  UsuarioServiceImpl:61 - Eliminando usuario con correo: enzo.meneghini@hotmail.com
15-03-2024 05:17:01 INFO  UsuarioServiceImpl:44 - Guardando usuario con correo: enzo.meneghini@hotmail.com
15-03-2024 05:17:01 INFO  TokenServiceImpl:39 - Generando token para el usuario: enzo.meneghini@hotmail.com
15-03-2024 05:17:01 INFO  IEmailSenderService:46 - Enviando correo a:enzo.meneghini@hotmail.com
15-03-2024 05:17:01 INFO  CursoServiceImpl:45 - Registrando curso: Curso de prueba
15-03-2024 05:17:01 INFO  CursoServiceImpl:59 - Curso registrado con éxito, id: 476eda40-411d-4368-a15e-1e4d9a102b19
15-03-2024 05:17:01 INFO  CursoServiceImpl:156 - Buscando curso con id: 476eda40-411d-4368-a15e-1e4d9a102b19
15-03-2024 05:17:01 INFO  CursoServiceImpl:163 - Curso encontrado con éxito, id: 476eda40-411d-4368-a15e-1e4d9a102b19
15-03-2024 05:17:01 INFO  HorarioServiceImpl:162 - Validando horario
15-03-2024 05:17:01 INFO  HorarioServiceImpl:187 - Horarios superpuestos: 0
15-03-2024 05:17:01 INFO  HorarioServiceImpl:43 - Registrando horario para el curso 476eda40-411d-4368-a15e-1e4d9a102b19
15-03-2024 05:17:01 INFO  HorarioServiceImpl:72 - Eliminando horario con id a9358d39-05e1-44c0-b2ab-644c1f4bdab5
15-03-2024 05:17:01 ERROR HorarioServiceImpl:86 - No se encontro el horario con id: a9358d39-05e1-44c0-b2ab-644c1f4bdab5
15-03-2024 05:17:01 INFO  UsuarioServiceImpl:61 - Eliminando usuario con correo: enzo.meneghini@hotmail.com
15-03-2024 05:17:01 INFO  UsuarioServiceImpl:44 - Guardando usuario con correo: enzo.meneghini@hotmail.com
15-03-2024 05:17:01 INFO  TokenServiceImpl:39 - Generando token para el usuario: enzo.meneghini@hotmail.com
15-03-2024 05:17:01 INFO  IEmailSenderService:46 - Enviando correo a:enzo.meneghini@hotmail.com
15-03-2024 05:17:01 INFO  CursoServiceImpl:45 - Registrando curso: Curso de prueba
15-03-2024 05:17:01 INFO  CursoServiceImpl:59 - Curso registrado con éxito, id: d49ce727-f301-4986-9b35-f75bd237a66f
15-03-2024 05:17:01 INFO  CursoServiceImpl:156 - Buscando curso con id: d49ce727-f301-4986-9b35-f75bd237a66f
15-03-2024 05:17:01 INFO  CursoServiceImpl:163 - Curso encontrado con éxito, id: d49ce727-f301-4986-9b35-f75bd237a66f
15-03-2024 05:17:01 INFO  HorarioServiceImpl:162 - Validando horario
15-03-2024 05:17:01 INFO  HorarioServiceImpl:187 - Horarios superpuestos: 0
15-03-2024 05:17:01 INFO  HorarioServiceImpl:43 - Registrando horario para el curso d49ce727-f301-4986-9b35-f75bd237a66f
15-03-2024 05:17:01 ERROR HorarioServiceImpl:142 - No se encontro un horario para la fecha 2024-03-17T05:17:01.474780600
15-03-2024 05:17:01 INFO  UsuarioServiceImpl:61 - Eliminando usuario con correo: enzo.meneghini@hotmail.com
15-03-2024 05:17:01 INFO  UsuarioServiceImpl:44 - Guardando usuario con correo: enzo.meneghini@hotmail.com
15-03-2024 05:17:01 INFO  TokenServiceImpl:39 - Generando token para el usuario: enzo.meneghini@hotmail.com
15-03-2024 05:17:01 INFO  IEmailSenderService:46 - Enviando correo a:enzo.meneghini@hotmail.com
15-03-2024 05:17:01 INFO  CursoServiceImpl:45 - Registrando curso: Curso de prueba
15-03-2024 05:17:01 INFO  CursoServiceImpl:59 - Curso registrado con éxito, id: 0a01754d-28af-4f8e-b38b-e55a305a153e
15-03-2024 05:17:01 INFO  CursoServiceImpl:156 - Buscando curso con id: 0a01754d-28af-4f8e-b38b-e55a305a153e
15-03-2024 05:17:01 INFO  CursoServiceImpl:163 - Curso encontrado con éxito, id: 0a01754d-28af-4f8e-b38b-e55a305a153e
15-03-2024 05:17:01 INFO  HorarioServiceImpl:162 - Validando horario
15-03-2024 05:17:01 INFO  HorarioServiceImpl:187 - Horarios superpuestos: 0
15-03-2024 05:17:01 INFO  HorarioServiceImpl:43 - Registrando horario para el curso 0a01754d-28af-4f8e-b38b-e55a305a153e
15-03-2024 05:17:01 INFO  CursoServiceImpl:156 - Buscando curso con id: 0a01754d-28af-4f8e-b38b-e55a305a153e
15-03-2024 05:17:01 INFO  CursoServiceImpl:163 - Curso encontrado con éxito, id: 0a01754d-28af-4f8e-b38b-e55a305a153e
15-03-2024 05:17:01 INFO  HorarioServiceImpl:162 - Validando horario
15-03-2024 05:17:01 INFO  HorarioServiceImpl:187 - Horarios superpuestos: 0
15-03-2024 05:17:01 INFO  HorarioServiceImpl:43 - Registrando horario para el curso 0a01754d-28af-4f8e-b38b-e55a305a153e
15-03-2024 05:17:01 INFO  HorarioServiceImpl:117 - Obteniendo horarios para el curso con id 0a01754d-28af-4f8e-b38b-e55a305a153e
15-03-2024 05:17:01 INFO  UsuarioServiceImpl:61 - Eliminando usuario con correo: enzo.meneghini@hotmail.com
15-03-2024 05:17:01 INFO  UsuarioServiceImpl:44 - Guardando usuario con correo: enzo.meneghini@hotmail.com
15-03-2024 05:17:01 INFO  TokenServiceImpl:39 - Generando token para el usuario: enzo.meneghini@hotmail.com
15-03-2024 05:17:01 INFO  IEmailSenderService:46 - Enviando correo a:enzo.meneghini@hotmail.com
15-03-2024 05:17:01 INFO  CursoServiceImpl:45 - Registrando curso: Curso de prueba
15-03-2024 05:17:01 INFO  CursoServiceImpl:59 - Curso registrado con éxito, id: 55c6de3e-28c0-47d0-a3c5-c20e13ef3353
15-03-2024 05:17:01 INFO  CursoServiceImpl:156 - Buscando curso con id: 55c6de3e-28c0-47d0-a3c5-c20e13ef3353
15-03-2024 05:17:01 INFO  CursoServiceImpl:163 - Curso encontrado con éxito, id: 55c6de3e-28c0-47d0-a3c5-c20e13ef3353
15-03-2024 05:17:01 INFO  HorarioServiceImpl:162 - Validando horario
15-03-2024 05:17:01 INFO  HorarioServiceImpl:187 - Horarios superpuestos: 0
15-03-2024 05:17:01 INFO  HorarioServiceImpl:43 - Registrando horario para el curso 55c6de3e-28c0-47d0-a3c5-c20e13ef3353
15-03-2024 05:17:01 INFO  UsuarioServiceImpl:61 - Eliminando usuario con correo: enzo.meneghini@hotmail.com
15-03-2024 05:17:01 INFO  UsuarioServiceImpl:44 - Guardando usuario con correo: enzo.meneghini@hotmail.com
15-03-2024 05:17:01 INFO  TokenServiceImpl:39 - Generando token para el usuario: enzo.meneghini@hotmail.com
15-03-2024 05:17:01 INFO  IEmailSenderService:46 - Enviando correo a:enzo.meneghini@hotmail.com
15-03-2024 05:17:01 INFO  CursoServiceImpl:45 - Registrando curso: Curso de prueba
15-03-2024 05:17:01 INFO  CursoServiceImpl:59 - Curso registrado con éxito, id: 23d92c5d-2638-4eba-bcf9-c616552e4458
15-03-2024 05:17:01 INFO  CursoServiceImpl:156 - Buscando curso con id: 15964484894899818
15-03-2024 05:17:01 ERROR CursoServiceImpl:166 - Error al buscar el curso: El curso con id 15964484894899818 no existe
15-03-2024 05:17:01 INFO  CursoServiceImpl:156 - Buscando curso con id: 23d92c5d-2638-4eba-bcf9-c616552e4458
15-03-2024 05:17:01 INFO  CursoServiceImpl:163 - Curso encontrado con éxito, id: 23d92c5d-2638-4eba-bcf9-c616552e4458
15-03-2024 05:17:01 INFO  HorarioServiceImpl:162 - Validando horario
15-03-2024 05:17:01 ERROR HorarioServiceImpl:172 - La hora de entrada no puede ser mayor a la hora de salida, Si estas tratando de registrar un horario que inicia un dia y termina el siguiente, por favor registra dos horarios diferentes.
15-03-2024 05:17:01 INFO  CursoServiceImpl:156 - Buscando curso con id: 23d92c5d-2638-4eba-bcf9-c616552e4458
15-03-2024 05:17:01 INFO  CursoServiceImpl:163 - Curso encontrado con éxito, id: 23d92c5d-2638-4eba-bcf9-c616552e4458
15-03-2024 05:17:01 INFO  HorarioServiceImpl:162 - Validando horario
15-03-2024 05:17:02 INFO  HorarioServiceImpl:187 - Horarios superpuestos: 0
15-03-2024 05:17:02 INFO  HorarioServiceImpl:43 - Registrando horario para el curso 23d92c5d-2638-4eba-bcf9-c616552e4458
15-03-2024 05:17:02 INFO  CursoServiceImpl:156 - Buscando curso con id: 23d92c5d-2638-4eba-bcf9-c616552e4458
15-03-2024 05:17:02 INFO  CursoServiceImpl:163 - Curso encontrado con éxito, id: 23d92c5d-2638-4eba-bcf9-c616552e4458
15-03-2024 05:17:02 INFO  HorarioServiceImpl:162 - Validando horario
15-03-2024 05:17:02 INFO  HorarioServiceImpl:187 - Horarios superpuestos: 1
15-03-2024 05:17:02 ERROR HorarioServiceImpl:193 - El horario se superpone con otro horario
15-03-2024 05:17:02 INFO  UsuarioServiceImpl:61 - Eliminando usuario con correo: enzo.meneghini@hotmail.com
15-03-2024 05:19:40 INFO  UsuarioServiceImpl:44 - Guardando usuario con correo: enzo.meneghini@hotmail.com
15-03-2024 05:19:40 INFO  TokenServiceImpl:39 - Generando token para el usuario: enzo.meneghini@hotmail.com
15-03-2024 05:19:40 INFO  IEmailSenderService:46 - Enviando correo a:enzo.meneghini@hotmail.com
15-03-2024 05:19:40 INFO  CursoServiceImpl:45 - Registrando curso: Curso de prueba
15-03-2024 05:19:40 INFO  CursoServiceImpl:59 - Curso registrado con éxito, id: 550dcf28-9cda-4856-85bf-bdcb71bd077d
15-03-2024 05:19:40 INFO  CursoServiceImpl:156 - Buscando curso con id: 550dcf28-9cda-4856-85bf-bdcb71bd077d
15-03-2024 05:19:40 INFO  CursoServiceImpl:163 - Curso encontrado con éxito, id: 550dcf28-9cda-4856-85bf-bdcb71bd077d
15-03-2024 05:19:40 INFO  HorarioServiceImpl:162 - Validando horario
15-03-2024 05:19:40 INFO  HorarioServiceImpl:43 - Registrando horario para el curso 550dcf28-9cda-4856-85bf-bdcb71bd077d
15-03-2024 05:19:40 INFO  CursoServiceImpl:156 - Buscando curso con id: 550dcf28-9cda-4856-85bf-bdcb71bd077d
15-03-2024 05:19:40 INFO  CursoServiceImpl:163 - Curso encontrado con éxito, id: 550dcf28-9cda-4856-85bf-bdcb71bd077d
15-03-2024 05:19:40 INFO  HorarioServiceImpl:162 - Validando horario
15-03-2024 05:19:40 INFO  HorarioServiceImpl:43 - Registrando horario para el curso 550dcf28-9cda-4856-85bf-bdcb71bd077d
15-03-2024 05:19:40 INFO  HorarioServiceImpl:56 - Actualizando horario con id cbf67bf8-1dbb-4b19-a7d4-582d910536a6
15-03-2024 05:19:40 INFO  HorarioServiceImpl:162 - Validando horario
15-03-2024 05:19:40 ERROR HorarioServiceImpl:192 - El horario se superpone con otro horario
15-03-2024 05:19:40 INFO  HorarioServiceImpl:56 - Actualizando horario con id cbf67bf8-1dbb-4b19-a7d4-582d910536a6
15-03-2024 05:19:40 INFO  HorarioServiceImpl:162 - Validando horario
15-03-2024 05:19:40 INFO  HorarioServiceImpl:189 - El horario se superpone con otro horario, pero es el mismo horario
15-03-2024 05:19:40 INFO  UsuarioServiceImpl:61 - Eliminando usuario con correo: enzo.meneghini@hotmail.com
15-03-2024 05:19:40 INFO  UsuarioServiceImpl:44 - Guardando usuario con correo: enzo.meneghini@hotmail.com
15-03-2024 05:19:40 INFO  TokenServiceImpl:39 - Generando token para el usuario: enzo.meneghini@hotmail.com
15-03-2024 05:19:40 INFO  IEmailSenderService:46 - Enviando correo a:enzo.meneghini@hotmail.com
15-03-2024 05:19:40 INFO  CursoServiceImpl:45 - Registrando curso: Curso de prueba
15-03-2024 05:19:40 INFO  CursoServiceImpl:59 - Curso registrado con éxito, id: b9f5c463-2b2d-4df4-b6a9-1638dc78f7a0
15-03-2024 05:19:40 INFO  CursoServiceImpl:156 - Buscando curso con id: b9f5c463-2b2d-4df4-b6a9-1638dc78f7a0
15-03-2024 05:19:40 INFO  CursoServiceImpl:163 - Curso encontrado con éxito, id: b9f5c463-2b2d-4df4-b6a9-1638dc78f7a0
15-03-2024 05:19:40 INFO  HorarioServiceImpl:162 - Validando horario
15-03-2024 05:19:40 INFO  HorarioServiceImpl:43 - Registrando horario para el curso b9f5c463-2b2d-4df4-b6a9-1638dc78f7a0
15-03-2024 05:19:40 INFO  HorarioServiceImpl:72 - Eliminando horario con id ed4c5b7c-b17a-4937-872f-a79e7e267d97
15-03-2024 05:19:40 ERROR HorarioServiceImpl:86 - No se encontro el horario con id: ed4c5b7c-b17a-4937-872f-a79e7e267d97
15-03-2024 05:19:40 INFO  UsuarioServiceImpl:61 - Eliminando usuario con correo: enzo.meneghini@hotmail.com
15-03-2024 05:19:40 INFO  UsuarioServiceImpl:44 - Guardando usuario con correo: enzo.meneghini@hotmail.com
15-03-2024 05:19:40 INFO  TokenServiceImpl:39 - Generando token para el usuario: enzo.meneghini@hotmail.com
15-03-2024 05:19:40 INFO  IEmailSenderService:46 - Enviando correo a:enzo.meneghini@hotmail.com
15-03-2024 05:19:40 INFO  CursoServiceImpl:45 - Registrando curso: Curso de prueba
15-03-2024 05:19:40 INFO  CursoServiceImpl:59 - Curso registrado con éxito, id: 12d541ec-36f2-47fb-a867-fef07fc7ced8
15-03-2024 05:19:40 INFO  CursoServiceImpl:156 - Buscando curso con id: 12d541ec-36f2-47fb-a867-fef07fc7ced8
15-03-2024 05:19:40 INFO  CursoServiceImpl:163 - Curso encontrado con éxito, id: 12d541ec-36f2-47fb-a867-fef07fc7ced8
15-03-2024 05:19:40 INFO  HorarioServiceImpl:162 - Validando horario
15-03-2024 05:19:40 INFO  HorarioServiceImpl:43 - Registrando horario para el curso 12d541ec-36f2-47fb-a867-fef07fc7ced8
15-03-2024 05:19:40 ERROR HorarioServiceImpl:142 - No se encontro un horario para la fecha 2024-03-17T05:19:40.772024300
15-03-2024 05:19:40 INFO  UsuarioServiceImpl:61 - Eliminando usuario con correo: enzo.meneghini@hotmail.com
15-03-2024 05:19:40 INFO  UsuarioServiceImpl:44 - Guardando usuario con correo: enzo.meneghini@hotmail.com
15-03-2024 05:19:40 INFO  TokenServiceImpl:39 - Generando token para el usuario: enzo.meneghini@hotmail.com
15-03-2024 05:19:40 INFO  IEmailSenderService:46 - Enviando correo a:enzo.meneghini@hotmail.com
15-03-2024 05:19:40 INFO  CursoServiceImpl:45 - Registrando curso: Curso de prueba
15-03-2024 05:19:40 INFO  CursoServiceImpl:59 - Curso registrado con éxito, id: 6ceea6aa-deaa-4e0f-9a45-c8c296fc3e35
15-03-2024 05:19:40 INFO  CursoServiceImpl:156 - Buscando curso con id: 6ceea6aa-deaa-4e0f-9a45-c8c296fc3e35
15-03-2024 05:19:40 INFO  CursoServiceImpl:163 - Curso encontrado con éxito, id: 6ceea6aa-deaa-4e0f-9a45-c8c296fc3e35
15-03-2024 05:19:40 INFO  HorarioServiceImpl:162 - Validando horario
15-03-2024 05:19:40 INFO  HorarioServiceImpl:43 - Registrando horario para el curso 6ceea6aa-deaa-4e0f-9a45-c8c296fc3e35
15-03-2024 05:19:40 INFO  CursoServiceImpl:156 - Buscando curso con id: 6ceea6aa-deaa-4e0f-9a45-c8c296fc3e35
15-03-2024 05:19:40 INFO  CursoServiceImpl:163 - Curso encontrado con éxito, id: 6ceea6aa-deaa-4e0f-9a45-c8c296fc3e35
15-03-2024 05:19:40 INFO  HorarioServiceImpl:162 - Validando horario
15-03-2024 05:19:40 INFO  HorarioServiceImpl:43 - Registrando horario para el curso 6ceea6aa-deaa-4e0f-9a45-c8c296fc3e35
15-03-2024 05:19:40 INFO  HorarioServiceImpl:117 - Obteniendo horarios para el curso con id 6ceea6aa-deaa-4e0f-9a45-c8c296fc3e35
15-03-2024 05:19:40 INFO  UsuarioServiceImpl:61 - Eliminando usuario con correo: enzo.meneghini@hotmail.com
15-03-2024 05:19:40 INFO  UsuarioServiceImpl:44 - Guardando usuario con correo: enzo.meneghini@hotmail.com
15-03-2024 05:19:41 INFO  TokenServiceImpl:39 - Generando token para el usuario: enzo.meneghini@hotmail.com
15-03-2024 05:19:41 INFO  IEmailSenderService:46 - Enviando correo a:enzo.meneghini@hotmail.com
15-03-2024 05:19:41 INFO  CursoServiceImpl:45 - Registrando curso: Curso de prueba
15-03-2024 05:19:41 INFO  CursoServiceImpl:59 - Curso registrado con éxito, id: a52c0dbb-9a0d-40dc-86d4-cc1e5fdfd1e1
15-03-2024 05:19:41 INFO  CursoServiceImpl:156 - Buscando curso con id: a52c0dbb-9a0d-40dc-86d4-cc1e5fdfd1e1
15-03-2024 05:19:41 INFO  CursoServiceImpl:163 - Curso encontrado con éxito, id: a52c0dbb-9a0d-40dc-86d4-cc1e5fdfd1e1
15-03-2024 05:19:41 INFO  HorarioServiceImpl:162 - Validando horario
15-03-2024 05:19:41 INFO  HorarioServiceImpl:43 - Registrando horario para el curso a52c0dbb-9a0d-40dc-86d4-cc1e5fdfd1e1
15-03-2024 05:19:41 INFO  UsuarioServiceImpl:61 - Eliminando usuario con correo: enzo.meneghini@hotmail.com
15-03-2024 05:19:41 INFO  UsuarioServiceImpl:44 - Guardando usuario con correo: enzo.meneghini@hotmail.com
15-03-2024 05:19:41 INFO  TokenServiceImpl:39 - Generando token para el usuario: enzo.meneghini@hotmail.com
15-03-2024 05:19:41 INFO  IEmailSenderService:46 - Enviando correo a:enzo.meneghini@hotmail.com
15-03-2024 05:19:41 INFO  CursoServiceImpl:45 - Registrando curso: Curso de prueba
15-03-2024 05:19:41 INFO  CursoServiceImpl:59 - Curso registrado con éxito, id: 24db9e29-20cd-4fc7-9041-3c0ab5647dd3
15-03-2024 05:19:41 INFO  CursoServiceImpl:156 - Buscando curso con id: 15964484894899818
15-03-2024 05:19:41 ERROR CursoServiceImpl:166 - Error al buscar el curso: El curso con id 15964484894899818 no existe
15-03-2024 05:19:41 INFO  CursoServiceImpl:156 - Buscando curso con id: 24db9e29-20cd-4fc7-9041-3c0ab5647dd3
15-03-2024 05:19:41 INFO  CursoServiceImpl:163 - Curso encontrado con éxito, id: 24db9e29-20cd-4fc7-9041-3c0ab5647dd3
15-03-2024 05:19:41 INFO  HorarioServiceImpl:162 - Validando horario
15-03-2024 05:19:41 ERROR HorarioServiceImpl:172 - La hora de entrada no puede ser mayor a la hora de salida, Si estas tratando de registrar un horario que inicia un dia y termina el siguiente, por favor registra dos horarios diferentes.
15-03-2024 05:19:41 INFO  CursoServiceImpl:156 - Buscando curso con id: 24db9e29-20cd-4fc7-9041-3c0ab5647dd3
15-03-2024 05:19:41 INFO  CursoServiceImpl:163 - Curso encontrado con éxito, id: 24db9e29-20cd-4fc7-9041-3c0ab5647dd3
15-03-2024 05:19:41 INFO  HorarioServiceImpl:162 - Validando horario
15-03-2024 05:19:41 INFO  HorarioServiceImpl:43 - Registrando horario para el curso 24db9e29-20cd-4fc7-9041-3c0ab5647dd3
15-03-2024 05:19:41 INFO  CursoServiceImpl:156 - Buscando curso con id: 24db9e29-20cd-4fc7-9041-3c0ab5647dd3
15-03-2024 05:19:41 INFO  CursoServiceImpl:163 - Curso encontrado con éxito, id: 24db9e29-20cd-4fc7-9041-3c0ab5647dd3
15-03-2024 05:19:41 INFO  HorarioServiceImpl:162 - Validando horario
15-03-2024 05:19:41 ERROR HorarioServiceImpl:192 - El horario se superpone con otro horario
15-03-2024 05:19:41 INFO  UsuarioServiceImpl:61 - Eliminando usuario con correo: enzo.meneghini@hotmail.com
15-03-2024 05:20:38 INFO  UsuarioServiceImpl:44 - Guardando usuario con correo: enzo.meneghini@hotmail.com
15-03-2024 05:20:39 INFO  TokenServiceImpl:39 - Generando token para el usuario: enzo.meneghini@hotmail.com
15-03-2024 05:20:39 INFO  IEmailSenderService:46 - Enviando correo a:enzo.meneghini@hotmail.com
15-03-2024 05:20:39 INFO  CursoServiceImpl:45 - Registrando curso: Curso de prueba
15-03-2024 05:20:39 INFO  CursoServiceImpl:59 - Curso registrado con éxito, id: 1881d262-aeea-456d-8172-3d3485125f4c
15-03-2024 05:20:39 INFO  CursoServiceImpl:156 - Buscando curso con id: 1881d262-aeea-456d-8172-3d3485125f4c
15-03-2024 05:20:39 INFO  CursoServiceImpl:163 - Curso encontrado con éxito, id: 1881d262-aeea-456d-8172-3d3485125f4c
15-03-2024 05:20:39 INFO  HorarioServiceImpl:162 - Validando horario
15-03-2024 05:20:39 INFO  HorarioServiceImpl:43 - Registrando horario para el curso 1881d262-aeea-456d-8172-3d3485125f4c
15-03-2024 05:20:39 INFO  CursoServiceImpl:156 - Buscando curso con id: 1881d262-aeea-456d-8172-3d3485125f4c
15-03-2024 05:20:39 INFO  CursoServiceImpl:163 - Curso encontrado con éxito, id: 1881d262-aeea-456d-8172-3d3485125f4c
15-03-2024 05:20:39 INFO  HorarioServiceImpl:162 - Validando horario
15-03-2024 05:20:39 INFO  HorarioServiceImpl:43 - Registrando horario para el curso 1881d262-aeea-456d-8172-3d3485125f4c
15-03-2024 05:20:39 INFO  HorarioServiceImpl:56 - Actualizando horario con id c7d54953-07ae-40c1-8b75-6690664e45c2
15-03-2024 05:20:39 INFO  HorarioServiceImpl:162 - Validando horario
15-03-2024 05:20:39 ERROR HorarioServiceImpl:192 - El horario se superpone con otro horario
15-03-2024 05:20:39 INFO  HorarioServiceImpl:56 - Actualizando horario con id c7d54953-07ae-40c1-8b75-6690664e45c2
15-03-2024 05:20:39 INFO  HorarioServiceImpl:162 - Validando horario
15-03-2024 05:20:39 INFO  HorarioServiceImpl:189 - El horario se superpone con otro horario, pero es el mismo horario
15-03-2024 05:20:39 INFO  UsuarioServiceImpl:61 - Eliminando usuario con correo: enzo.meneghini@hotmail.com
